#-----------------------------------------------------------
# Vivado v2015.4 (64-bit)
# SW Build 1412921 on Wed Nov 18 09:43:45 MST 2015
# IP Build 1412160 on Tue Nov 17 13:47:24 MST 2015
# Start of session at: Fri Mar 15 01:34:45 2024
# Process ID: 11396
# Current directory: C:/Users/18999/Desktop/Prime_Checker
# Command line: vivado.exe -gui_launcher_event rodinguilauncherevent6404 C:\Users\18999\Desktop\Prime_Checker\Prime_Checker.xpr
# Log file: C:/Users/18999/Desktop/Prime_Checker/vivado.log
# Journal file: C:/Users/18999/Desktop/Prime_Checker\vivado.jou
#-----------------------------------------------------------
start_gui
open_project C:/Users/18999/Desktop/Prime_Checker/Prime_Checker.xpr
Scanning sources...
Finished scanning sources
INFO: [IP_Flow 19-234] Refreshing IP repositories
INFO: [IP_Flow 19-1704] No user IP repositories specified
INFO: [IP_Flow 19-2313] Loaded Vivado IP repository 'C:/Xilinx/Vivado/2015.4/data/ip'.
exit
INFO: [Common 17-206] Exiting Vivado at Fri Mar 15 01:50:02 2024...
