#-----------------------------------------------------------
# Vivado v2015.4 (64-bit)
# SW Build 1412921 on Wed Nov 18 09:43:45 MST 2015
# IP Build 1412160 on Tue Nov 17 13:47:24 MST 2015
# Start of session at: Thu Apr 11 22:17:22 2024
# Process ID: 1504
# Current directory: C:/Users/18999/Documents/PG work/BuanGu_230825701_ICDLab2024/Prime_Checker_mod1
# Command line: vivado.exe -gui_launcher_event rodinguilauncherevent8684 C:\Users\18999\Documents\PG work\BuanGu_230825701_ICDLab2024\Prime_Checker_mod1\Prime_Checker.xpr
# Log file: C:/Users/18999/Documents/PG work/BuanGu_230825701_ICDLab2024/Prime_Checker_mod1/vivado.log
# Journal file: C:/Users/18999/Documents/PG work/BuanGu_230825701_ICDLab2024/Prime_Checker_mod1\vivado.jou
#-----------------------------------------------------------
start_gui
open_project {C:/Users/18999/Documents/PG work/BuanGu_230825701_ICDLab2024/Prime_Checker_mod1/Prime_Checker.xpr}
INFO: [Project 1-313] Project file moved from 'C:/Users/18999/Desktop/Prime_Checker' since last save.
Scanning sources...
Finished scanning sources
INFO: [IP_Flow 19-234] Refreshing IP repositories
INFO: [IP_Flow 19-1704] No user IP repositories specified
INFO: [IP_Flow 19-2313] Loaded Vivado IP repository 'C:/Xilinx/Vivado/2015.4/data/ip'.
reset_run synth_1
launch_runs synth_1
INFO: [HDL 9-1061] Parsing VHDL file "C:/Users/18999/Documents/PG work/BuanGu_230825701_ICDLab2024/Prime_Checker_mod1/Prime_Checker.srcs/sources_1/new/PrimeChecker.vhd" into library xil_defaultlib [C:/Users/18999/Documents/PG work/BuanGu_230825701_ICDLab2024/Prime_Checker_mod1/Prime_Checker.srcs/sources_1/new/PrimeChecker.vhd:1]
[Thu Apr 11 22:18:09 2024] Launched synth_1...
Run output will be captured here: C:/Users/18999/Documents/PG work/BuanGu_230825701_ICDLab2024/Prime_Checker_mod1/Prime_Checker.runs/synth_1/runme.log
launch_runs impl_1
[Thu Apr 11 22:18:44 2024] Launched impl_1...
Run output will be captured here: C:/Users/18999/Documents/PG work/BuanGu_230825701_ICDLab2024/Prime_Checker_mod1/Prime_Checker.runs/impl_1/runme.log
launch_runs impl_1 -to_step write_bitstream
[Thu Apr 11 22:19:40 2024] Launched impl_1...
Run output will be captured here: C:/Users/18999/Documents/PG work/BuanGu_230825701_ICDLab2024/Prime_Checker_mod1/Prime_Checker.runs/impl_1/runme.log
exit
INFO: [Common 17-206] Exiting Vivado at Thu Apr 11 22:23:52 2024...
