#-----------------------------------------------------------
# Vivado v2015.4 (64-bit)
# SW Build 1412921 on Wed Nov 18 09:43:45 MST 2015
# IP Build 1412160 on Tue Nov 17 13:47:24 MST 2015
# Start of session at: Thu Apr 11 22:08:18 2024
# Process ID: 6772
# Current directory: C:/Users/18999/Documents/PG work/BuanGu_230825701_ICDLab2024/Prime_Checker_custom_mod2
# Command line: vivado.exe -gui_launcher_event rodinguilauncherevent7900 C:\Users\18999\Documents\PG work\BuanGu_230825701_ICDLab2024\Prime_Checker_custom_mod2\Prime_Checker.xpr
# Log file: C:/Users/18999/Documents/PG work/BuanGu_230825701_ICDLab2024/Prime_Checker_custom_mod2/vivado.log
# Journal file: C:/Users/18999/Documents/PG work/BuanGu_230825701_ICDLab2024/Prime_Checker_custom_mod2\vivado.jou
#-----------------------------------------------------------
start_gui
open_project {C:/Users/18999/Documents/PG work/BuanGu_230825701_ICDLab2024/Prime_Checker_custom_mod2/Prime_Checker.xpr}
INFO: [ProjectBase 1-489] The host OS only allows 260 characters in a normal path. The project is stored in a path with more than 80 characters. If you experience issues with IP, Block Designs, or files not being found, please consider moving the project to a location with a shorter path. Alternately consider using the OS subst command to map part of the path to a drive letter.
Current project path is 'C:/Users/18999/Documents/PG work/BuanGu_230825701_ICDLab2024/Prime_Checker_custom_mod2'
INFO: [Project 1-313] Project file moved from 'C:/Users/18999/Desktop/Prime_Checker_mod_subtraction' since last save.
Scanning sources...
Finished scanning sources
INFO: [IP_Flow 19-234] Refreshing IP repositories
INFO: [IP_Flow 19-1704] No user IP repositories specified
INFO: [IP_Flow 19-2313] Loaded Vivado IP repository 'C:/Xilinx/Vivado/2015.4/data/ip'.
open_project: Time (s): cpu = 00:00:10 ; elapsed = 00:00:06 . Memory (MB): peak = 711.410 ; gain = 142.422
reset_run synth_1
launch_runs synth_1
INFO: [HDL 9-1061] Parsing VHDL file "C:/Users/18999/Documents/PG work/BuanGu_230825701_ICDLab2024/Prime_Checker_custom_mod2/Prime_Checker.srcs/sources_1/new/PrimeChecker.vhd" into library xil_defaultlib [C:/Users/18999/Documents/PG work/BuanGu_230825701_ICDLab2024/Prime_Checker_custom_mod2/Prime_Checker.srcs/sources_1/new/PrimeChecker.vhd:1]
[Thu Apr 11 22:09:40 2024] Launched synth_1...
Run output will be captured here: C:/Users/18999/Documents/PG work/BuanGu_230825701_ICDLab2024/Prime_Checker_custom_mod2/Prime_Checker.runs/synth_1/runme.log
launch_runs impl_1
[Thu Apr 11 22:10:19 2024] Launched impl_1...
Run output will be captured here: C:/Users/18999/Documents/PG work/BuanGu_230825701_ICDLab2024/Prime_Checker_custom_mod2/Prime_Checker.runs/impl_1/runme.log
launch_runs impl_1 -to_step write_bitstream
[Thu Apr 11 22:11:23 2024] Launched impl_1...
Run output will be captured here: C:/Users/18999/Documents/PG work/BuanGu_230825701_ICDLab2024/Prime_Checker_custom_mod2/Prime_Checker.runs/impl_1/runme.log
reset_run impl_1 -prev_step 
launch_runs impl_1 -to_step write_bitstream
[Thu Apr 11 22:12:25 2024] Launched impl_1...
Run output will be captured here: C:/Users/18999/Documents/PG work/BuanGu_230825701_ICDLab2024/Prime_Checker_custom_mod2/Prime_Checker.runs/impl_1/runme.log
exit
INFO: [Common 17-206] Exiting Vivado at Thu Apr 11 22:15:48 2024...
