#-----------------------------------------------------------
# Vivado v2015.4 (64-bit)
# SW Build 1412921 on Wed Nov 18 09:43:45 MST 2015
# IP Build 1412160 on Tue Nov 17 13:47:24 MST 2015
# Start of session at: Wed Mar 20 00:45:54 2024
# Process ID: 9592
# Current directory: C:/Users/18999/Desktop/Prime_Checker_mod_subtraction
# Command line: vivado.exe -gui_launcher_event rodinguilauncherevent10044 C:\Users\18999\Desktop\Prime_Checker_mod_subtraction\Prime_Checker.xpr
# Log file: C:/Users/18999/Desktop/Prime_Checker_mod_subtraction/vivado.log
# Journal file: C:/Users/18999/Desktop/Prime_Checker_mod_subtraction\vivado.jou
#-----------------------------------------------------------
start_gui
open_project C:/Users/18999/Desktop/Prime_Checker_mod_subtraction/Prime_Checker.xpr
Scanning sources...
Finished scanning sources
INFO: [IP_Flow 19-234] Refreshing IP repositories
INFO: [IP_Flow 19-1704] No user IP repositories specified
INFO: [IP_Flow 19-2313] Loaded Vivado IP repository 'C:/Xilinx/Vivado/2015.4/data/ip'.
open_project: Time (s): cpu = 00:00:16 ; elapsed = 00:00:09 . Memory (MB): peak = 783.082 ; gain = 204.148
exit
INFO: [Common 17-206] Exiting Vivado at Wed Mar 20 00:46:37 2024...
