#-----------------------------------------------------------
# Vivado v2015.4 (64-bit)
# SW Build 1412921 on Wed Nov 18 09:43:45 MST 2015
# IP Build 1412160 on Tue Nov 17 13:47:24 MST 2015
# Start of session at: Fri Mar 22 06:02:42 2024
# Process ID: 14452
# Current directory: C:/Users/18999/Desktop/Prime_Checker_mod_subtraction
# Command line: vivado.exe -gui_launcher_event rodinguilauncherevent6152 C:\Users\18999\Desktop\Prime_Checker_mod_subtraction\Prime_Checker.xpr
# Log file: C:/Users/18999/Desktop/Prime_Checker_mod_subtraction/vivado.log
# Journal file: C:/Users/18999/Desktop/Prime_Checker_mod_subtraction\vivado.jou
#-----------------------------------------------------------
start_gui
open_project C:/Users/18999/Desktop/Prime_Checker_mod_subtraction/Prime_Checker.xpr
Scanning sources...
Finished scanning sources
INFO: [IP_Flow 19-234] Refreshing IP repositories
INFO: [IP_Flow 19-1704] No user IP repositories specified
INFO: [IP_Flow 19-2313] Loaded Vivado IP repository 'C:/Xilinx/Vivado/2015.4/data/ip'.
open_project: Time (s): cpu = 00:00:11 ; elapsed = 00:00:05 . Memory (MB): peak = 755.414 ; gain = 170.172
launch_simulation
INFO: [USF-XSim-27] Simulation object is 'sim_1'
INFO: [USF-XSim-37] Inspecting design source files for 'PrimeChecker_tb' in fileset 'sim_1'...
INFO: [USF-XSim-97] Finding global include files...
INFO: [USF-XSim-98] Fetching design files from 'sim_1'...
INFO: [USF-XSim-2] XSim::Compile design
INFO: [USF-XSim-61] Executing 'COMPILE' step in 'C:/Users/18999/Desktop/Prime_Checker_mod_subtraction/Prime_Checker.sim/sim_1/behav'
"xvhdl -m64 --relax -prj PrimeChecker_tb_vhdl.prj"
INFO: [VRFC 10-163] Analyzing VHDL file "C:/Users/18999/Desktop/Prime_Checker_mod_subtraction/Prime_Checker.srcs/sources_1/new/PrimeChecker.vhd" into library xil_defaultlib
INFO: [VRFC 10-307] analyzing entity PrimeChecker
INFO: [VRFC 10-163] Analyzing VHDL file "C:/Users/18999/Desktop/Prime_Checker_mod_subtraction/Prime_Checker.srcs/sim_1/new/PrimeChecker_tb.vhd" into library xil_defaultlib
INFO: [VRFC 10-307] analyzing entity PrimeChecker_tb
INFO: [USF-XSim-3] XSim::Elaborate design
INFO: [USF-XSim-61] Executing 'ELABORATE' step in 'C:/Users/18999/Desktop/Prime_Checker_mod_subtraction/Prime_Checker.sim/sim_1/behav'
INFO: [Common 17-41] Interrupt caught. Command should exit soon.
Vivado Simulator 2015.4
Copyright 1986-1999, 2001-2015 Xilinx, Inc. All Rights Reserved.
Running: C:/Xilinx/Vivado/2015.4/bin/unwrapped/win64.o/xelab.exe -wto 0bc9cc28809e467ca35eaab55491408b --debug typical --relax --mt 2 -L xil_defaultlib -L secureip --snapshot PrimeChecker_tb_behav xil_defaultlib.PrimeChecker_tb -log elaborate.log 
Using 2 slave threads.
Starting static elaboration
Completed static elaboration
Starting simulation data flow analysis
Completed simulation data flow analysis
Time Resolution for simulation is 1ps
Compiling package std.standard
Compiling package ieee.std_logic_1164
Compiling package ieee.numeric_std
Compiling architecture behavioral of entity xil_defaultlib.PrimeChecker [primechecker_default]
Compiling architecture bench of entity xil_defaultlib.primechecker_tb
Built simulation snapshot PrimeChecker_tb_behav

****** Webtalk v2015.4 (64-bit)
  **** SW Build 1412921 on Wed Nov 18 09:43:45 MST 2015
  **** IP Build 1412160 on Tue Nov 17 13:47:24 MST 2015
    ** Copyright 1986-2015 Xilinx, Inc. All Rights Reserved.

source C:/Users/18999/Desktop/Prime_Checker_mod_subtraction/Prime_Checker.sim/sim_1/behav/xsim.dir/PrimeChecker_tb_behav/webtalk/xsim_webtalk.tcl -notrace
INFO: [Common 17-206] Exiting Webtalk at Fri Mar 22 06:03:30 2024...
INFO: [Common 17-344] 'run_program' was cancelled
1
    while executing
"catch {rdi::run_program $scr_file} error_log"
    (procedure "::tclapp::xilinx::xsim::usf_launch_script" line 35)
    invoked from within
"::tclapp::xilinx::xsim::usf_launch_script "xsim" $step"
    (procedure "tclapp::xilinx::xsim::elaborate" line 13)
    invoked from within
"tclapp::xilinx::xsim::elaborate { -simset sim_1 -mode behavioral -run_dir C:/Users/18999/Desktop/Prime_Checker_mod_subtraction/Prime_Checker.sim/sim_1..."
INFO: [Common 17-344] 'launch_simulation' was cancelled
launch_simulation
INFO: [USF-XSim-27] Simulation object is 'sim_1'
INFO: [USF-XSim-37] Inspecting design source files for 'PrimeChecker_tb' in fileset 'sim_1'...
INFO: [USF-XSim-97] Finding global include files...
INFO: [USF-XSim-98] Fetching design files from 'sim_1'...
INFO: [USF-XSim-2] XSim::Compile design
INFO: [USF-XSim-61] Executing 'COMPILE' step in 'C:/Users/18999/Desktop/Prime_Checker_mod_subtraction/Prime_Checker.sim/sim_1/behav'
"xvhdl -m64 --relax -prj PrimeChecker_tb_vhdl.prj"
INFO: [VRFC 10-163] Analyzing VHDL file "C:/Users/18999/Desktop/Prime_Checker_mod_subtraction/Prime_Checker.srcs/sources_1/new/PrimeChecker.vhd" into library xil_defaultlib
INFO: [VRFC 10-307] analyzing entity PrimeChecker
INFO: [VRFC 10-163] Analyzing VHDL file "C:/Users/18999/Desktop/Prime_Checker_mod_subtraction/Prime_Checker.srcs/sim_1/new/PrimeChecker_tb.vhd" into library xil_defaultlib
INFO: [VRFC 10-307] analyzing entity PrimeChecker_tb
INFO: [USF-XSim-3] XSim::Elaborate design
INFO: [USF-XSim-61] Executing 'ELABORATE' step in 'C:/Users/18999/Desktop/Prime_Checker_mod_subtraction/Prime_Checker.sim/sim_1/behav'
Vivado Simulator 2015.4
Copyright 1986-1999, 2001-2015 Xilinx, Inc. All Rights Reserved.
Running: C:/Xilinx/Vivado/2015.4/bin/unwrapped/win64.o/xelab.exe -wto 0bc9cc28809e467ca35eaab55491408b --debug typical --relax --mt 2 -L xil_defaultlib -L secureip --snapshot PrimeChecker_tb_behav xil_defaultlib.PrimeChecker_tb -log elaborate.log 
Using 2 slave threads.
Starting static elaboration
Completed static elaboration
Starting simulation data flow analysis
Completed simulation data flow analysis
Time Resolution for simulation is 1ps
Compiling package std.standard
Compiling package ieee.std_logic_1164
Compiling package ieee.numeric_std
Compiling architecture behavioral of entity xil_defaultlib.PrimeChecker [primechecker_default]
Compiling architecture bench of entity xil_defaultlib.primechecker_tb
Built simulation snapshot PrimeChecker_tb_behav

****** Webtalk v2015.4 (64-bit)
  **** SW Build 1412921 on Wed Nov 18 09:43:45 MST 2015
  **** IP Build 1412160 on Tue Nov 17 13:47:24 MST 2015
    ** Copyright 1986-2015 Xilinx, Inc. All Rights Reserved.

source C:/Users/18999/Desktop/Prime_Checker_mod_subtraction/Prime_Checker.sim/sim_1/behav/xsim.dir/PrimeChecker_tb_behav/webtalk/xsim_webtalk.tcl -notrace
INFO: [Common 17-206] Exiting Webtalk at Fri Mar 22 06:03:42 2024...
INFO: [USF-XSim-4] XSim::Simulate design
INFO: [USF-XSim-61] Executing 'SIMULATE' step in 'C:/Users/18999/Desktop/Prime_Checker_mod_subtraction/Prime_Checker.sim/sim_1/behav'
INFO: [USF-XSim-98] *** Running xsim
   with args "PrimeChecker_tb_behav -key {Behavioral:sim_1:Functional:PrimeChecker_tb} -tclbatch {PrimeChecker_tb.tcl} -log {simulate.log}"
INFO: [USF-XSim-8] Loading simulator feature
Vivado Simulator 2015.4
Time resolution is 1 ps
source PrimeChecker_tb.tcl
# set curr_wave [current_wave_config]
# if { [string length $curr_wave] == 0 } {
#   if { [llength [get_objects]] > 0} {
#     add_wave /
#     set_property needs_save false [current_wave_config]
#   } else {
#      send_msg_id Add_Wave-1 WARNING "No top level signals found. Simulator will start without a wave window. If you want to open a wave window go to 'File->New Waveform Configuration' or type 'create_wave_config' in the TCL console."
#   }
# }
# run 1000ns
INFO: [USF-XSim-96] XSim completed. Design snapshot 'PrimeChecker_tb_behav' loaded.
INFO: [USF-XSim-97] XSim simulation ran for 1000ns
launch_simulation: Time (s): cpu = 00:00:04 ; elapsed = 00:00:05 . Memory (MB): peak = 817.055 ; gain = 0.000
open_run synth_1 -name synth_1
Design is defaulting to impl run constrset: constrs_1
Design is defaulting to synth run part: xc7z020clg484-1
INFO: [Netlist 29-17] Analyzing 9 Unisim elements for replacement
INFO: [Netlist 29-28] Unisim Transformation completed in 0 CPU seconds
INFO: [Project 1-479] Netlist was created with Vivado 2015.4
INFO: [Device 21-403] Loading part xc7z020clg484-1
INFO: [Project 1-570] Preparing netlist for logic optimization
Parsing XDC File [C:/Users/18999/Desktop/Prime_Checker_mod_subtraction/Prime_Checker.srcs/constrs_1/imports/Lab guides-20240303/DSDB_Master.xdc]
WARNING: [Vivado 12-584] No ports matched 'led[7]'. [C:/Users/18999/Desktop/Prime_Checker_mod_subtraction/Prime_Checker.srcs/constrs_1/imports/Lab guides-20240303/DSDB_Master.xdc:18]
CRITICAL WARNING: [Common 17-55] 'set_property' expects at least one object. [C:/Users/18999/Desktop/Prime_Checker_mod_subtraction/Prime_Checker.srcs/constrs_1/imports/Lab guides-20240303/DSDB_Master.xdc:18]
Resolution: If [get_<value>] was used to populate the object, check to make sure this command returns at least one valid object.
WARNING: [Vivado 12-584] No ports matched 'btn[0]'. [C:/Users/18999/Desktop/Prime_Checker_mod_subtraction/Prime_Checker.srcs/constrs_1/imports/Lab guides-20240303/DSDB_Master.xdc:22]
CRITICAL WARNING: [Common 17-55] 'set_property' expects at least one object. [C:/Users/18999/Desktop/Prime_Checker_mod_subtraction/Prime_Checker.srcs/constrs_1/imports/Lab guides-20240303/DSDB_Master.xdc:22]
Resolution: If [get_<value>] was used to populate the object, check to make sure this command returns at least one valid object.
WARNING: [Vivado 12-584] No ports matched 'btn[1]'. [C:/Users/18999/Desktop/Prime_Checker_mod_subtraction/Prime_Checker.srcs/constrs_1/imports/Lab guides-20240303/DSDB_Master.xdc:23]
CRITICAL WARNING: [Common 17-55] 'set_property' expects at least one object. [C:/Users/18999/Desktop/Prime_Checker_mod_subtraction/Prime_Checker.srcs/constrs_1/imports/Lab guides-20240303/DSDB_Master.xdc:23]
Resolution: If [get_<value>] was used to populate the object, check to make sure this command returns at least one valid object.
WARNING: [Vivado 12-584] No ports matched 'btn[2]'. [C:/Users/18999/Desktop/Prime_Checker_mod_subtraction/Prime_Checker.srcs/constrs_1/imports/Lab guides-20240303/DSDB_Master.xdc:24]
CRITICAL WARNING: [Common 17-55] 'set_property' expects at least one object. [C:/Users/18999/Desktop/Prime_Checker_mod_subtraction/Prime_Checker.srcs/constrs_1/imports/Lab guides-20240303/DSDB_Master.xdc:24]
Resolution: If [get_<value>] was used to populate the object, check to make sure this command returns at least one valid object.
WARNING: [Vivado 12-584] No ports matched 'btn[3]'. [C:/Users/18999/Desktop/Prime_Checker_mod_subtraction/Prime_Checker.srcs/constrs_1/imports/Lab guides-20240303/DSDB_Master.xdc:25]
CRITICAL WARNING: [Common 17-55] 'set_property' expects at least one object. [C:/Users/18999/Desktop/Prime_Checker_mod_subtraction/Prime_Checker.srcs/constrs_1/imports/Lab guides-20240303/DSDB_Master.xdc:25]
Resolution: If [get_<value>] was used to populate the object, check to make sure this command returns at least one valid object.
WARNING: [Vivado 12-584] No ports matched 'oled_dc'. [C:/Users/18999/Desktop/Prime_Checker_mod_subtraction/Prime_Checker.srcs/constrs_1/imports/Lab guides-20240303/DSDB_Master.xdc:40]
CRITICAL WARNING: [Common 17-55] 'set_property' expects at least one object. [C:/Users/18999/Desktop/Prime_Checker_mod_subtraction/Prime_Checker.srcs/constrs_1/imports/Lab guides-20240303/DSDB_Master.xdc:40]
Resolution: If [get_<value>] was used to populate the object, check to make sure this command returns at least one valid object.
WARNING: [Vivado 12-584] No ports matched 'oled_res'. [C:/Users/18999/Desktop/Prime_Checker_mod_subtraction/Prime_Checker.srcs/constrs_1/imports/Lab guides-20240303/DSDB_Master.xdc:41]
CRITICAL WARNING: [Common 17-55] 'set_property' expects at least one object. [C:/Users/18999/Desktop/Prime_Checker_mod_subtraction/Prime_Checker.srcs/constrs_1/imports/Lab guides-20240303/DSDB_Master.xdc:41]
Resolution: If [get_<value>] was used to populate the object, check to make sure this command returns at least one valid object.
WARNING: [Vivado 12-584] No ports matched 'oled_sclk'. [C:/Users/18999/Desktop/Prime_Checker_mod_subtraction/Prime_Checker.srcs/constrs_1/imports/Lab guides-20240303/DSDB_Master.xdc:42]
CRITICAL WARNING: [Common 17-55] 'set_property' expects at least one object. [C:/Users/18999/Desktop/Prime_Checker_mod_subtraction/Prime_Checker.srcs/constrs_1/imports/Lab guides-20240303/DSDB_Master.xdc:42]
Resolution: If [get_<value>] was used to populate the object, check to make sure this command returns at least one valid object.
WARNING: [Vivado 12-584] No ports matched 'oled_sdin'. [C:/Users/18999/Desktop/Prime_Checker_mod_subtraction/Prime_Checker.srcs/constrs_1/imports/Lab guides-20240303/DSDB_Master.xdc:43]
CRITICAL WARNING: [Common 17-55] 'set_property' expects at least one object. [C:/Users/18999/Desktop/Prime_Checker_mod_subtraction/Prime_Checker.srcs/constrs_1/imports/Lab guides-20240303/DSDB_Master.xdc:43]
Resolution: If [get_<value>] was used to populate the object, check to make sure this command returns at least one valid object.
WARNING: [Vivado 12-584] No ports matched 'oled_vbat'. [C:/Users/18999/Desktop/Prime_Checker_mod_subtraction/Prime_Checker.srcs/constrs_1/imports/Lab guides-20240303/DSDB_Master.xdc:44]
CRITICAL WARNING: [Common 17-55] 'set_property' expects at least one object. [C:/Users/18999/Desktop/Prime_Checker_mod_subtraction/Prime_Checker.srcs/constrs_1/imports/Lab guides-20240303/DSDB_Master.xdc:44]
Resolution: If [get_<value>] was used to populate the object, check to make sure this command returns at least one valid object.
WARNING: [Vivado 12-584] No ports matched 'oled_vdd'. [C:/Users/18999/Desktop/Prime_Checker_mod_subtraction/Prime_Checker.srcs/constrs_1/imports/Lab guides-20240303/DSDB_Master.xdc:45]
CRITICAL WARNING: [Common 17-55] 'set_property' expects at least one object. [C:/Users/18999/Desktop/Prime_Checker_mod_subtraction/Prime_Checker.srcs/constrs_1/imports/Lab guides-20240303/DSDB_Master.xdc:45]
Resolution: If [get_<value>] was used to populate the object, check to make sure this command returns at least one valid object.
WARNING: [Vivado 12-584] No ports matched 'hdmi_cec'. [C:/Users/18999/Desktop/Prime_Checker_mod_subtraction/Prime_Checker.srcs/constrs_1/imports/Lab guides-20240303/DSDB_Master.xdc:49]
CRITICAL WARNING: [Common 17-55] 'set_property' expects at least one object. [C:/Users/18999/Desktop/Prime_Checker_mod_subtraction/Prime_Checker.srcs/constrs_1/imports/Lab guides-20240303/DSDB_Master.xdc:49]
Resolution: If [get_<value>] was used to populate the object, check to make sure this command returns at least one valid object.
WARNING: [Vivado 12-584] No ports matched 'hdmi_clk_n'. [C:/Users/18999/Desktop/Prime_Checker_mod_subtraction/Prime_Checker.srcs/constrs_1/imports/Lab guides-20240303/DSDB_Master.xdc:50]
CRITICAL WARNING: [Common 17-55] 'set_property' expects at least one object. [C:/Users/18999/Desktop/Prime_Checker_mod_subtraction/Prime_Checker.srcs/constrs_1/imports/Lab guides-20240303/DSDB_Master.xdc:50]
Resolution: If [get_<value>] was used to populate the object, check to make sure this command returns at least one valid object.
WARNING: [Vivado 12-584] No ports matched 'hdmi_clk_p'. [C:/Users/18999/Desktop/Prime_Checker_mod_subtraction/Prime_Checker.srcs/constrs_1/imports/Lab guides-20240303/DSDB_Master.xdc:51]
CRITICAL WARNING: [Common 17-55] 'set_property' expects at least one object. [C:/Users/18999/Desktop/Prime_Checker_mod_subtraction/Prime_Checker.srcs/constrs_1/imports/Lab guides-20240303/DSDB_Master.xdc:51]
Resolution: If [get_<value>] was used to populate the object, check to make sure this command returns at least one valid object.
WARNING: [Vivado 12-584] No ports matched 'hdmi_d_n[0]'. [C:/Users/18999/Desktop/Prime_Checker_mod_subtraction/Prime_Checker.srcs/constrs_1/imports/Lab guides-20240303/DSDB_Master.xdc:52]
CRITICAL WARNING: [Common 17-55] 'set_property' expects at least one object. [C:/Users/18999/Desktop/Prime_Checker_mod_subtraction/Prime_Checker.srcs/constrs_1/imports/Lab guides-20240303/DSDB_Master.xdc:52]
Resolution: If [get_<value>] was used to populate the object, check to make sure this command returns at least one valid object.
WARNING: [Vivado 12-584] No ports matched 'hdmi_d_p[0]'. [C:/Users/18999/Desktop/Prime_Checker_mod_subtraction/Prime_Checker.srcs/constrs_1/imports/Lab guides-20240303/DSDB_Master.xdc:53]
CRITICAL WARNING: [Common 17-55] 'set_property' expects at least one object. [C:/Users/18999/Desktop/Prime_Checker_mod_subtraction/Prime_Checker.srcs/constrs_1/imports/Lab guides-20240303/DSDB_Master.xdc:53]
Resolution: If [get_<value>] was used to populate the object, check to make sure this command returns at least one valid object.
WARNING: [Vivado 12-584] No ports matched 'hdmi_d_n[1]'. [C:/Users/18999/Desktop/Prime_Checker_mod_subtraction/Prime_Checker.srcs/constrs_1/imports/Lab guides-20240303/DSDB_Master.xdc:54]
CRITICAL WARNING: [Common 17-55] 'set_property' expects at least one object. [C:/Users/18999/Desktop/Prime_Checker_mod_subtraction/Prime_Checker.srcs/constrs_1/imports/Lab guides-20240303/DSDB_Master.xdc:54]
Resolution: If [get_<value>] was used to populate the object, check to make sure this command returns at least one valid object.
WARNING: [Vivado 12-584] No ports matched 'hdmi_d_p[1]'. [C:/Users/18999/Desktop/Prime_Checker_mod_subtraction/Prime_Checker.srcs/constrs_1/imports/Lab guides-20240303/DSDB_Master.xdc:55]
CRITICAL WARNING: [Common 17-55] 'set_property' expects at least one object. [C:/Users/18999/Desktop/Prime_Checker_mod_subtraction/Prime_Checker.srcs/constrs_1/imports/Lab guides-20240303/DSDB_Master.xdc:55]
Resolution: If [get_<value>] was used to populate the object, check to make sure this command returns at least one valid object.
WARNING: [Vivado 12-584] No ports matched 'hdmi_d_n[2]'. [C:/Users/18999/Desktop/Prime_Checker_mod_subtraction/Prime_Checker.srcs/constrs_1/imports/Lab guides-20240303/DSDB_Master.xdc:56]
CRITICAL WARNING: [Common 17-55] 'set_property' expects at least one object. [C:/Users/18999/Desktop/Prime_Checker_mod_subtraction/Prime_Checker.srcs/constrs_1/imports/Lab guides-20240303/DSDB_Master.xdc:56]
Resolution: If [get_<value>] was used to populate the object, check to make sure this command returns at least one valid object.
WARNING: [Vivado 12-584] No ports matched 'hdmi_d_p[2]'. [C:/Users/18999/Desktop/Prime_Checker_mod_subtraction/Prime_Checker.srcs/constrs_1/imports/Lab guides-20240303/DSDB_Master.xdc:57]
CRITICAL WARNING: [Common 17-55] 'set_property' expects at least one object. [C:/Users/18999/Desktop/Prime_Checker_mod_subtraction/Prime_Checker.srcs/constrs_1/imports/Lab guides-20240303/DSDB_Master.xdc:57]
Resolution: If [get_<value>] was used to populate the object, check to make sure this command returns at least one valid object.
WARNING: [Vivado 12-584] No ports matched 'hdmi_hpd'. [C:/Users/18999/Desktop/Prime_Checker_mod_subtraction/Prime_Checker.srcs/constrs_1/imports/Lab guides-20240303/DSDB_Master.xdc:58]
CRITICAL WARNING: [Common 17-55] 'set_property' expects at least one object. [C:/Users/18999/Desktop/Prime_Checker_mod_subtraction/Prime_Checker.srcs/constrs_1/imports/Lab guides-20240303/DSDB_Master.xdc:58]
Resolution: If [get_<value>] was used to populate the object, check to make sure this command returns at least one valid object.
WARNING: [Vivado 12-584] No ports matched 'hdmi_out_en'. [C:/Users/18999/Desktop/Prime_Checker_mod_subtraction/Prime_Checker.srcs/constrs_1/imports/Lab guides-20240303/DSDB_Master.xdc:59]
CRITICAL WARNING: [Common 17-55] 'set_property' expects at least one object. [C:/Users/18999/Desktop/Prime_Checker_mod_subtraction/Prime_Checker.srcs/constrs_1/imports/Lab guides-20240303/DSDB_Master.xdc:59]
Resolution: If [get_<value>] was used to populate the object, check to make sure this command returns at least one valid object.
WARNING: [Vivado 12-584] No ports matched 'hdmi_scl'. [C:/Users/18999/Desktop/Prime_Checker_mod_subtraction/Prime_Checker.srcs/constrs_1/imports/Lab guides-20240303/DSDB_Master.xdc:60]
CRITICAL WARNING: [Common 17-55] 'set_property' expects at least one object. [C:/Users/18999/Desktop/Prime_Checker_mod_subtraction/Prime_Checker.srcs/constrs_1/imports/Lab guides-20240303/DSDB_Master.xdc:60]
Resolution: If [get_<value>] was used to populate the object, check to make sure this command returns at least one valid object.
WARNING: [Vivado 12-584] No ports matched 'hdmi_sda'. [C:/Users/18999/Desktop/Prime_Checker_mod_subtraction/Prime_Checker.srcs/constrs_1/imports/Lab guides-20240303/DSDB_Master.xdc:61]
CRITICAL WARNING: [Common 17-55] 'set_property' expects at least one object. [C:/Users/18999/Desktop/Prime_Checker_mod_subtraction/Prime_Checker.srcs/constrs_1/imports/Lab guides-20240303/DSDB_Master.xdc:61]
Resolution: If [get_<value>] was used to populate the object, check to make sure this command returns at least one valid object.
WARNING: [Vivado 12-584] No ports matched 'vga_b[0]'. [C:/Users/18999/Desktop/Prime_Checker_mod_subtraction/Prime_Checker.srcs/constrs_1/imports/Lab guides-20240303/DSDB_Master.xdc:65]
CRITICAL WARNING: [Common 17-55] 'set_property' expects at least one object. [C:/Users/18999/Desktop/Prime_Checker_mod_subtraction/Prime_Checker.srcs/constrs_1/imports/Lab guides-20240303/DSDB_Master.xdc:65]
Resolution: If [get_<value>] was used to populate the object, check to make sure this command returns at least one valid object.
WARNING: [Vivado 12-584] No ports matched 'vga_b[1]'. [C:/Users/18999/Desktop/Prime_Checker_mod_subtraction/Prime_Checker.srcs/constrs_1/imports/Lab guides-20240303/DSDB_Master.xdc:66]
CRITICAL WARNING: [Common 17-55] 'set_property' expects at least one object. [C:/Users/18999/Desktop/Prime_Checker_mod_subtraction/Prime_Checker.srcs/constrs_1/imports/Lab guides-20240303/DSDB_Master.xdc:66]
Resolution: If [get_<value>] was used to populate the object, check to make sure this command returns at least one valid object.
WARNING: [Vivado 12-584] No ports matched 'vga_b[2]'. [C:/Users/18999/Desktop/Prime_Checker_mod_subtraction/Prime_Checker.srcs/constrs_1/imports/Lab guides-20240303/DSDB_Master.xdc:67]
CRITICAL WARNING: [Common 17-55] 'set_property' expects at least one object. [C:/Users/18999/Desktop/Prime_Checker_mod_subtraction/Prime_Checker.srcs/constrs_1/imports/Lab guides-20240303/DSDB_Master.xdc:67]
Resolution: If [get_<value>] was used to populate the object, check to make sure this command returns at least one valid object.
WARNING: [Vivado 12-584] No ports matched 'vga_b[3]'. [C:/Users/18999/Desktop/Prime_Checker_mod_subtraction/Prime_Checker.srcs/constrs_1/imports/Lab guides-20240303/DSDB_Master.xdc:68]
CRITICAL WARNING: [Common 17-55] 'set_property' expects at least one object. [C:/Users/18999/Desktop/Prime_Checker_mod_subtraction/Prime_Checker.srcs/constrs_1/imports/Lab guides-20240303/DSDB_Master.xdc:68]
Resolution: If [get_<value>] was used to populate the object, check to make sure this command returns at least one valid object.
WARNING: [Vivado 12-584] No ports matched 'vga_b[4]'. [C:/Users/18999/Desktop/Prime_Checker_mod_subtraction/Prime_Checker.srcs/constrs_1/imports/Lab guides-20240303/DSDB_Master.xdc:69]
CRITICAL WARNING: [Common 17-55] 'set_property' expects at least one object. [C:/Users/18999/Desktop/Prime_Checker_mod_subtraction/Prime_Checker.srcs/constrs_1/imports/Lab guides-20240303/DSDB_Master.xdc:69]
Resolution: If [get_<value>] was used to populate the object, check to make sure this command returns at least one valid object.
WARNING: [Vivado 12-584] No ports matched 'vga_g[0]'. [C:/Users/18999/Desktop/Prime_Checker_mod_subtraction/Prime_Checker.srcs/constrs_1/imports/Lab guides-20240303/DSDB_Master.xdc:70]
CRITICAL WARNING: [Common 17-55] 'set_property' expects at least one object. [C:/Users/18999/Desktop/Prime_Checker_mod_subtraction/Prime_Checker.srcs/constrs_1/imports/Lab guides-20240303/DSDB_Master.xdc:70]
Resolution: If [get_<value>] was used to populate the object, check to make sure this command returns at least one valid object.
WARNING: [Vivado 12-584] No ports matched 'vga_g[1]'. [C:/Users/18999/Desktop/Prime_Checker_mod_subtraction/Prime_Checker.srcs/constrs_1/imports/Lab guides-20240303/DSDB_Master.xdc:71]
CRITICAL WARNING: [Common 17-55] 'set_property' expects at least one object. [C:/Users/18999/Desktop/Prime_Checker_mod_subtraction/Prime_Checker.srcs/constrs_1/imports/Lab guides-20240303/DSDB_Master.xdc:71]
Resolution: If [get_<value>] was used to populate the object, check to make sure this command returns at least one valid object.
WARNING: [Vivado 12-584] No ports matched 'vga_g[2]'. [C:/Users/18999/Desktop/Prime_Checker_mod_subtraction/Prime_Checker.srcs/constrs_1/imports/Lab guides-20240303/DSDB_Master.xdc:72]
CRITICAL WARNING: [Common 17-55] 'set_property' expects at least one object. [C:/Users/18999/Desktop/Prime_Checker_mod_subtraction/Prime_Checker.srcs/constrs_1/imports/Lab guides-20240303/DSDB_Master.xdc:72]
Resolution: If [get_<value>] was used to populate the object, check to make sure this command returns at least one valid object.
WARNING: [Vivado 12-584] No ports matched 'vga_g[3]'. [C:/Users/18999/Desktop/Prime_Checker_mod_subtraction/Prime_Checker.srcs/constrs_1/imports/Lab guides-20240303/DSDB_Master.xdc:73]
CRITICAL WARNING: [Common 17-55] 'set_property' expects at least one object. [C:/Users/18999/Desktop/Prime_Checker_mod_subtraction/Prime_Checker.srcs/constrs_1/imports/Lab guides-20240303/DSDB_Master.xdc:73]
Resolution: If [get_<value>] was used to populate the object, check to make sure this command returns at least one valid object.
WARNING: [Vivado 12-584] No ports matched 'vga_g[4]'. [C:/Users/18999/Desktop/Prime_Checker_mod_subtraction/Prime_Checker.srcs/constrs_1/imports/Lab guides-20240303/DSDB_Master.xdc:74]
CRITICAL WARNING: [Common 17-55] 'set_property' expects at least one object. [C:/Users/18999/Desktop/Prime_Checker_mod_subtraction/Prime_Checker.srcs/constrs_1/imports/Lab guides-20240303/DSDB_Master.xdc:74]
Resolution: If [get_<value>] was used to populate the object, check to make sure this command returns at least one valid object.
WARNING: [Vivado 12-584] No ports matched 'vga_g[5]'. [C:/Users/18999/Desktop/Prime_Checker_mod_subtraction/Prime_Checker.srcs/constrs_1/imports/Lab guides-20240303/DSDB_Master.xdc:75]
CRITICAL WARNING: [Common 17-55] 'set_property' expects at least one object. [C:/Users/18999/Desktop/Prime_Checker_mod_subtraction/Prime_Checker.srcs/constrs_1/imports/Lab guides-20240303/DSDB_Master.xdc:75]
Resolution: If [get_<value>] was used to populate the object, check to make sure this command returns at least one valid object.
WARNING: [Vivado 12-584] No ports matched 'vga_hs'. [C:/Users/18999/Desktop/Prime_Checker_mod_subtraction/Prime_Checker.srcs/constrs_1/imports/Lab guides-20240303/DSDB_Master.xdc:76]
CRITICAL WARNING: [Common 17-55] 'set_property' expects at least one object. [C:/Users/18999/Desktop/Prime_Checker_mod_subtraction/Prime_Checker.srcs/constrs_1/imports/Lab guides-20240303/DSDB_Master.xdc:76]
Resolution: If [get_<value>] was used to populate the object, check to make sure this command returns at least one valid object.
WARNING: [Vivado 12-584] No ports matched 'vga_r[0]'. [C:/Users/18999/Desktop/Prime_Checker_mod_subtraction/Prime_Checker.srcs/constrs_1/imports/Lab guides-20240303/DSDB_Master.xdc:77]
CRITICAL WARNING: [Common 17-55] 'set_property' expects at least one object. [C:/Users/18999/Desktop/Prime_Checker_mod_subtraction/Prime_Checker.srcs/constrs_1/imports/Lab guides-20240303/DSDB_Master.xdc:77]
Resolution: If [get_<value>] was used to populate the object, check to make sure this command returns at least one valid object.
WARNING: [Vivado 12-584] No ports matched 'vga_r[1]'. [C:/Users/18999/Desktop/Prime_Checker_mod_subtraction/Prime_Checker.srcs/constrs_1/imports/Lab guides-20240303/DSDB_Master.xdc:78]
CRITICAL WARNING: [Common 17-55] 'set_property' expects at least one object. [C:/Users/18999/Desktop/Prime_Checker_mod_subtraction/Prime_Checker.srcs/constrs_1/imports/Lab guides-20240303/DSDB_Master.xdc:78]
Resolution: If [get_<value>] was used to populate the object, check to make sure this command returns at least one valid object.
WARNING: [Vivado 12-584] No ports matched 'vga_r[2]'. [C:/Users/18999/Desktop/Prime_Checker_mod_subtraction/Prime_Checker.srcs/constrs_1/imports/Lab guides-20240303/DSDB_Master.xdc:79]
CRITICAL WARNING: [Common 17-55] 'set_property' expects at least one object. [C:/Users/18999/Desktop/Prime_Checker_mod_subtraction/Prime_Checker.srcs/constrs_1/imports/Lab guides-20240303/DSDB_Master.xdc:79]
Resolution: If [get_<value>] was used to populate the object, check to make sure this command returns at least one valid object.
WARNING: [Vivado 12-584] No ports matched 'vga_r[3]'. [C:/Users/18999/Desktop/Prime_Checker_mod_subtraction/Prime_Checker.srcs/constrs_1/imports/Lab guides-20240303/DSDB_Master.xdc:80]
CRITICAL WARNING: [Common 17-55] 'set_property' expects at least one object. [C:/Users/18999/Desktop/Prime_Checker_mod_subtraction/Prime_Checker.srcs/constrs_1/imports/Lab guides-20240303/DSDB_Master.xdc:80]
Resolution: If [get_<value>] was used to populate the object, check to make sure this command returns at least one valid object.
WARNING: [Vivado 12-584] No ports matched 'vga_r[4]'. [C:/Users/18999/Desktop/Prime_Checker_mod_subtraction/Prime_Checker.srcs/constrs_1/imports/Lab guides-20240303/DSDB_Master.xdc:81]
CRITICAL WARNING: [Common 17-55] 'set_property' expects at least one object. [C:/Users/18999/Desktop/Prime_Checker_mod_subtraction/Prime_Checker.srcs/constrs_1/imports/Lab guides-20240303/DSDB_Master.xdc:81]
Resolution: If [get_<value>] was used to populate the object, check to make sure this command returns at least one valid object.
WARNING: [Vivado 12-584] No ports matched 'vga_vs'. [C:/Users/18999/Desktop/Prime_Checker_mod_subtraction/Prime_Checker.srcs/constrs_1/imports/Lab guides-20240303/DSDB_Master.xdc:82]
CRITICAL WARNING: [Common 17-55] 'set_property' expects at least one object. [C:/Users/18999/Desktop/Prime_Checker_mod_subtraction/Prime_Checker.srcs/constrs_1/imports/Lab guides-20240303/DSDB_Master.xdc:82]
Resolution: If [get_<value>] was used to populate the object, check to make sure this command returns at least one valid object.
WARNING: [Vivado 12-584] No ports matched 'ac_bclk'. [C:/Users/18999/Desktop/Prime_Checker_mod_subtraction/Prime_Checker.srcs/constrs_1/imports/Lab guides-20240303/DSDB_Master.xdc:86]
CRITICAL WARNING: [Common 17-55] 'set_property' expects at least one object. [C:/Users/18999/Desktop/Prime_Checker_mod_subtraction/Prime_Checker.srcs/constrs_1/imports/Lab guides-20240303/DSDB_Master.xdc:86]
Resolution: If [get_<value>] was used to populate the object, check to make sure this command returns at least one valid object.
WARNING: [Vivado 12-584] No ports matched 'ac_mclk'. [C:/Users/18999/Desktop/Prime_Checker_mod_subtraction/Prime_Checker.srcs/constrs_1/imports/Lab guides-20240303/DSDB_Master.xdc:87]
CRITICAL WARNING: [Common 17-55] 'set_property' expects at least one object. [C:/Users/18999/Desktop/Prime_Checker_mod_subtraction/Prime_Checker.srcs/constrs_1/imports/Lab guides-20240303/DSDB_Master.xdc:87]
Resolution: If [get_<value>] was used to populate the object, check to make sure this command returns at least one valid object.
WARNING: [Vivado 12-584] No ports matched 'ac_muten'. [C:/Users/18999/Desktop/Prime_Checker_mod_subtraction/Prime_Checker.srcs/constrs_1/imports/Lab guides-20240303/DSDB_Master.xdc:88]
CRITICAL WARNING: [Common 17-55] 'set_property' expects at least one object. [C:/Users/18999/Desktop/Prime_Checker_mod_subtraction/Prime_Checker.srcs/constrs_1/imports/Lab guides-20240303/DSDB_Master.xdc:88]
Resolution: If [get_<value>] was used to populate the object, check to make sure this command returns at least one valid object.
WARNING: [Vivado 12-584] No ports matched 'ac_pbdat'. [C:/Users/18999/Desktop/Prime_Checker_mod_subtraction/Prime_Checker.srcs/constrs_1/imports/Lab guides-20240303/DSDB_Master.xdc:89]
CRITICAL WARNING: [Common 17-55] 'set_property' expects at least one object. [C:/Users/18999/Desktop/Prime_Checker_mod_subtraction/Prime_Checker.srcs/constrs_1/imports/Lab guides-20240303/DSDB_Master.xdc:89]
Resolution: If [get_<value>] was used to populate the object, check to make sure this command returns at least one valid object.
WARNING: [Vivado 12-584] No ports matched 'ac_pblrc'. [C:/Users/18999/Desktop/Prime_Checker_mod_subtraction/Prime_Checker.srcs/constrs_1/imports/Lab guides-20240303/DSDB_Master.xdc:90]
CRITICAL WARNING: [Common 17-55] 'set_property' expects at least one object. [C:/Users/18999/Desktop/Prime_Checker_mod_subtraction/Prime_Checker.srcs/constrs_1/imports/Lab guides-20240303/DSDB_Master.xdc:90]
Resolution: If [get_<value>] was used to populate the object, check to make sure this command returns at least one valid object.
WARNING: [Vivado 12-584] No ports matched 'ac_recdat'. [C:/Users/18999/Desktop/Prime_Checker_mod_subtraction/Prime_Checker.srcs/constrs_1/imports/Lab guides-20240303/DSDB_Master.xdc:91]
CRITICAL WARNING: [Common 17-55] 'set_property' expects at least one object. [C:/Users/18999/Desktop/Prime_Checker_mod_subtraction/Prime_Checker.srcs/constrs_1/imports/Lab guides-20240303/DSDB_Master.xdc:91]
Resolution: If [get_<value>] was used to populate the object, check to make sure this command returns at least one valid object.
WARNING: [Vivado 12-584] No ports matched 'ac_reclrc'. [C:/Users/18999/Desktop/Prime_Checker_mod_subtraction/Prime_Checker.srcs/constrs_1/imports/Lab guides-20240303/DSDB_Master.xdc:92]
CRITICAL WARNING: [Common 17-55] 'set_property' expects at least one object. [C:/Users/18999/Desktop/Prime_Checker_mod_subtraction/Prime_Checker.srcs/constrs_1/imports/Lab guides-20240303/DSDB_Master.xdc:92]
Resolution: If [get_<value>] was used to populate the object, check to make sure this command returns at least one valid object.
WARNING: [Vivado 12-584] No ports matched 'ac_scl'. [C:/Users/18999/Desktop/Prime_Checker_mod_subtraction/Prime_Checker.srcs/constrs_1/imports/Lab guides-20240303/DSDB_Master.xdc:93]
CRITICAL WARNING: [Common 17-55] 'set_property' expects at least one object. [C:/Users/18999/Desktop/Prime_Checker_mod_subtraction/Prime_Checker.srcs/constrs_1/imports/Lab guides-20240303/DSDB_Master.xdc:93]
Resolution: If [get_<value>] was used to populate the object, check to make sure this command returns at least one valid object.
WARNING: [Vivado 12-584] No ports matched 'ac_sda'. [C:/Users/18999/Desktop/Prime_Checker_mod_subtraction/Prime_Checker.srcs/constrs_1/imports/Lab guides-20240303/DSDB_Master.xdc:94]
CRITICAL WARNING: [Common 17-55] 'set_property' expects at least one object. [C:/Users/18999/Desktop/Prime_Checker_mod_subtraction/Prime_Checker.srcs/constrs_1/imports/Lab guides-20240303/DSDB_Master.xdc:94]
Resolution: If [get_<value>] was used to populate the object, check to make sure this command returns at least one valid object.
WARNING: [Vivado 12-584] No ports matched 'ps2_clk[0]'. [C:/Users/18999/Desktop/Prime_Checker_mod_subtraction/Prime_Checker.srcs/constrs_1/imports/Lab guides-20240303/DSDB_Master.xdc:98]
CRITICAL WARNING: [Common 17-55] 'set_property' expects at least one object. [C:/Users/18999/Desktop/Prime_Checker_mod_subtraction/Prime_Checker.srcs/constrs_1/imports/Lab guides-20240303/DSDB_Master.xdc:98]
Resolution: If [get_<value>] was used to populate the object, check to make sure this command returns at least one valid object.
WARNING: [Vivado 12-584] No ports matched 'ps2_clk[1]'. [C:/Users/18999/Desktop/Prime_Checker_mod_subtraction/Prime_Checker.srcs/constrs_1/imports/Lab guides-20240303/DSDB_Master.xdc:99]
CRITICAL WARNING: [Common 17-55] 'set_property' expects at least one object. [C:/Users/18999/Desktop/Prime_Checker_mod_subtraction/Prime_Checker.srcs/constrs_1/imports/Lab guides-20240303/DSDB_Master.xdc:99]
Resolution: If [get_<value>] was used to populate the object, check to make sure this command returns at least one valid object.
WARNING: [Vivado 12-584] No ports matched 'ps2_data[0]'. [C:/Users/18999/Desktop/Prime_Checker_mod_subtraction/Prime_Checker.srcs/constrs_1/imports/Lab guides-20240303/DSDB_Master.xdc:100]
CRITICAL WARNING: [Common 17-55] 'set_property' expects at least one object. [C:/Users/18999/Desktop/Prime_Checker_mod_subtraction/Prime_Checker.srcs/constrs_1/imports/Lab guides-20240303/DSDB_Master.xdc:100]
Resolution: If [get_<value>] was used to populate the object, check to make sure this command returns at least one valid object.
WARNING: [Vivado 12-584] No ports matched 'ps2_data[1]'. [C:/Users/18999/Desktop/Prime_Checker_mod_subtraction/Prime_Checker.srcs/constrs_1/imports/Lab guides-20240303/DSDB_Master.xdc:101]
CRITICAL WARNING: [Common 17-55] 'set_property' expects at least one object. [C:/Users/18999/Desktop/Prime_Checker_mod_subtraction/Prime_Checker.srcs/constrs_1/imports/Lab guides-20240303/DSDB_Master.xdc:101]
Resolution: If [get_<value>] was used to populate the object, check to make sure this command returns at least one valid object.
WARNING: [Vivado 12-584] No ports matched 'uart_rxd_out'. [C:/Users/18999/Desktop/Prime_Checker_mod_subtraction/Prime_Checker.srcs/constrs_1/imports/Lab guides-20240303/DSDB_Master.xdc:105]
CRITICAL WARNING: [Common 17-55] 'set_property' expects at least one object. [C:/Users/18999/Desktop/Prime_Checker_mod_subtraction/Prime_Checker.srcs/constrs_1/imports/Lab guides-20240303/DSDB_Master.xdc:105]
Resolution: If [get_<value>] was used to populate the object, check to make sure this command returns at least one valid object.
WARNING: [Vivado 12-584] No ports matched 'uart_txd_in'. [C:/Users/18999/Desktop/Prime_Checker_mod_subtraction/Prime_Checker.srcs/constrs_1/imports/Lab guides-20240303/DSDB_Master.xdc:106]
CRITICAL WARNING: [Common 17-55] 'set_property' expects at least one object. [C:/Users/18999/Desktop/Prime_Checker_mod_subtraction/Prime_Checker.srcs/constrs_1/imports/Lab guides-20240303/DSDB_Master.xdc:106]
Resolution: If [get_<value>] was used to populate the object, check to make sure this command returns at least one valid object.
WARNING: [Vivado 12-584] No ports matched 'sseg_an[0]'. [C:/Users/18999/Desktop/Prime_Checker_mod_subtraction/Prime_Checker.srcs/constrs_1/imports/Lab guides-20240303/DSDB_Master.xdc:110]
CRITICAL WARNING: [Common 17-55] 'set_property' expects at least one object. [C:/Users/18999/Desktop/Prime_Checker_mod_subtraction/Prime_Checker.srcs/constrs_1/imports/Lab guides-20240303/DSDB_Master.xdc:110]
Resolution: If [get_<value>] was used to populate the object, check to make sure this command returns at least one valid object.
WARNING: [Vivado 12-584] No ports matched 'sseg_an[1]'. [C:/Users/18999/Desktop/Prime_Checker_mod_subtraction/Prime_Checker.srcs/constrs_1/imports/Lab guides-20240303/DSDB_Master.xdc:111]
CRITICAL WARNING: [Common 17-55] 'set_property' expects at least one object. [C:/Users/18999/Desktop/Prime_Checker_mod_subtraction/Prime_Checker.srcs/constrs_1/imports/Lab guides-20240303/DSDB_Master.xdc:111]
Resolution: If [get_<value>] was used to populate the object, check to make sure this command returns at least one valid object.
WARNING: [Vivado 12-584] No ports matched 'sseg_an[2]'. [C:/Users/18999/Desktop/Prime_Checker_mod_subtraction/Prime_Checker.srcs/constrs_1/imports/Lab guides-20240303/DSDB_Master.xdc:112]
CRITICAL WARNING: [Common 17-55] 'set_property' expects at least one object. [C:/Users/18999/Desktop/Prime_Checker_mod_subtraction/Prime_Checker.srcs/constrs_1/imports/Lab guides-20240303/DSDB_Master.xdc:112]
Resolution: If [get_<value>] was used to populate the object, check to make sure this command returns at least one valid object.
WARNING: [Vivado 12-584] No ports matched 'sseg_an[3]'. [C:/Users/18999/Desktop/Prime_Checker_mod_subtraction/Prime_Checker.srcs/constrs_1/imports/Lab guides-20240303/DSDB_Master.xdc:113]
CRITICAL WARNING: [Common 17-55] 'set_property' expects at least one object. [C:/Users/18999/Desktop/Prime_Checker_mod_subtraction/Prime_Checker.srcs/constrs_1/imports/Lab guides-20240303/DSDB_Master.xdc:113]
Resolution: If [get_<value>] was used to populate the object, check to make sure this command returns at least one valid object.
WARNING: [Vivado 12-584] No ports matched 'sseg_ca'. [C:/Users/18999/Desktop/Prime_Checker_mod_subtraction/Prime_Checker.srcs/constrs_1/imports/Lab guides-20240303/DSDB_Master.xdc:114]
CRITICAL WARNING: [Common 17-55] 'set_property' expects at least one object. [C:/Users/18999/Desktop/Prime_Checker_mod_subtraction/Prime_Checker.srcs/constrs_1/imports/Lab guides-20240303/DSDB_Master.xdc:114]
Resolution: If [get_<value>] was used to populate the object, check to make sure this command returns at least one valid object.
WARNING: [Vivado 12-584] No ports matched 'sseg_cb'. [C:/Users/18999/Desktop/Prime_Checker_mod_subtraction/Prime_Checker.srcs/constrs_1/imports/Lab guides-20240303/DSDB_Master.xdc:115]
CRITICAL WARNING: [Common 17-55] 'set_property' expects at least one object. [C:/Users/18999/Desktop/Prime_Checker_mod_subtraction/Prime_Checker.srcs/constrs_1/imports/Lab guides-20240303/DSDB_Master.xdc:115]
Resolution: If [get_<value>] was used to populate the object, check to make sure this command returns at least one valid object.
WARNING: [Vivado 12-584] No ports matched 'sseg_cc'. [C:/Users/18999/Desktop/Prime_Checker_mod_subtraction/Prime_Checker.srcs/constrs_1/imports/Lab guides-20240303/DSDB_Master.xdc:116]
CRITICAL WARNING: [Common 17-55] 'set_property' expects at least one object. [C:/Users/18999/Desktop/Prime_Checker_mod_subtraction/Prime_Checker.srcs/constrs_1/imports/Lab guides-20240303/DSDB_Master.xdc:116]
Resolution: If [get_<value>] was used to populate the object, check to make sure this command returns at least one valid object.
WARNING: [Vivado 12-584] No ports matched 'sseg_cd'. [C:/Users/18999/Desktop/Prime_Checker_mod_subtraction/Prime_Checker.srcs/constrs_1/imports/Lab guides-20240303/DSDB_Master.xdc:117]
CRITICAL WARNING: [Common 17-55] 'set_property' expects at least one object. [C:/Users/18999/Desktop/Prime_Checker_mod_subtraction/Prime_Checker.srcs/constrs_1/imports/Lab guides-20240303/DSDB_Master.xdc:117]
Resolution: If [get_<value>] was used to populate the object, check to make sure this command returns at least one valid object.
WARNING: [Vivado 12-584] No ports matched 'sseg_ce'. [C:/Users/18999/Desktop/Prime_Checker_mod_subtraction/Prime_Checker.srcs/constrs_1/imports/Lab guides-20240303/DSDB_Master.xdc:118]
CRITICAL WARNING: [Common 17-55] 'set_property' expects at least one object. [C:/Users/18999/Desktop/Prime_Checker_mod_subtraction/Prime_Checker.srcs/constrs_1/imports/Lab guides-20240303/DSDB_Master.xdc:118]
Resolution: If [get_<value>] was used to populate the object, check to make sure this command returns at least one valid object.
WARNING: [Vivado 12-584] No ports matched 'sseg_cf'. [C:/Users/18999/Desktop/Prime_Checker_mod_subtraction/Prime_Checker.srcs/constrs_1/imports/Lab guides-20240303/DSDB_Master.xdc:119]
CRITICAL WARNING: [Common 17-55] 'set_property' expects at least one object. [C:/Users/18999/Desktop/Prime_Checker_mod_subtraction/Prime_Checker.srcs/constrs_1/imports/Lab guides-20240303/DSDB_Master.xdc:119]
Resolution: If [get_<value>] was used to populate the object, check to make sure this command returns at least one valid object.
WARNING: [Vivado 12-584] No ports matched 'sseg_cg'. [C:/Users/18999/Desktop/Prime_Checker_mod_subtraction/Prime_Checker.srcs/constrs_1/imports/Lab guides-20240303/DSDB_Master.xdc:120]
CRITICAL WARNING: [Common 17-55] 'set_property' expects at least one object. [C:/Users/18999/Desktop/Prime_Checker_mod_subtraction/Prime_Checker.srcs/constrs_1/imports/Lab guides-20240303/DSDB_Master.xdc:120]
Resolution: If [get_<value>] was used to populate the object, check to make sure this command returns at least one valid object.
WARNING: [Vivado 12-584] No ports matched 'sseg_dp'. [C:/Users/18999/Desktop/Prime_Checker_mod_subtraction/Prime_Checker.srcs/constrs_1/imports/Lab guides-20240303/DSDB_Master.xdc:121]
CRITICAL WARNING: [Common 17-55] 'set_property' expects at least one object. [C:/Users/18999/Desktop/Prime_Checker_mod_subtraction/Prime_Checker.srcs/constrs_1/imports/Lab guides-20240303/DSDB_Master.xdc:121]
Resolution: If [get_<value>] was used to populate the object, check to make sure this command returns at least one valid object.
WARNING: [Vivado 12-584] No ports matched 'tft_b[0]'. [C:/Users/18999/Desktop/Prime_Checker_mod_subtraction/Prime_Checker.srcs/constrs_1/imports/Lab guides-20240303/DSDB_Master.xdc:125]
CRITICAL WARNING: [Common 17-55] 'set_property' expects at least one object. [C:/Users/18999/Desktop/Prime_Checker_mod_subtraction/Prime_Checker.srcs/constrs_1/imports/Lab guides-20240303/DSDB_Master.xdc:125]
Resolution: If [get_<value>] was used to populate the object, check to make sure this command returns at least one valid object.
WARNING: [Vivado 12-584] No ports matched 'tft_b[1]'. [C:/Users/18999/Desktop/Prime_Checker_mod_subtraction/Prime_Checker.srcs/constrs_1/imports/Lab guides-20240303/DSDB_Master.xdc:126]
CRITICAL WARNING: [Common 17-55] 'set_property' expects at least one object. [C:/Users/18999/Desktop/Prime_Checker_mod_subtraction/Prime_Checker.srcs/constrs_1/imports/Lab guides-20240303/DSDB_Master.xdc:126]
Resolution: If [get_<value>] was used to populate the object, check to make sure this command returns at least one valid object.
WARNING: [Vivado 12-584] No ports matched 'tft_b[2]'. [C:/Users/18999/Desktop/Prime_Checker_mod_subtraction/Prime_Checker.srcs/constrs_1/imports/Lab guides-20240303/DSDB_Master.xdc:127]
CRITICAL WARNING: [Common 17-55] 'set_property' expects at least one object. [C:/Users/18999/Desktop/Prime_Checker_mod_subtraction/Prime_Checker.srcs/constrs_1/imports/Lab guides-20240303/DSDB_Master.xdc:127]
Resolution: If [get_<value>] was used to populate the object, check to make sure this command returns at least one valid object.
WARNING: [Vivado 12-584] No ports matched 'tft_b[3]'. [C:/Users/18999/Desktop/Prime_Checker_mod_subtraction/Prime_Checker.srcs/constrs_1/imports/Lab guides-20240303/DSDB_Master.xdc:128]
CRITICAL WARNING: [Common 17-55] 'set_property' expects at least one object. [C:/Users/18999/Desktop/Prime_Checker_mod_subtraction/Prime_Checker.srcs/constrs_1/imports/Lab guides-20240303/DSDB_Master.xdc:128]
Resolution: If [get_<value>] was used to populate the object, check to make sure this command returns at least one valid object.
WARNING: [Vivado 12-584] No ports matched 'tft_b[4]'. [C:/Users/18999/Desktop/Prime_Checker_mod_subtraction/Prime_Checker.srcs/constrs_1/imports/Lab guides-20240303/DSDB_Master.xdc:129]
CRITICAL WARNING: [Common 17-55] 'set_property' expects at least one object. [C:/Users/18999/Desktop/Prime_Checker_mod_subtraction/Prime_Checker.srcs/constrs_1/imports/Lab guides-20240303/DSDB_Master.xdc:129]
Resolution: If [get_<value>] was used to populate the object, check to make sure this command returns at least one valid object.
WARNING: [Vivado 12-584] No ports matched 'tft_b[5]'. [C:/Users/18999/Desktop/Prime_Checker_mod_subtraction/Prime_Checker.srcs/constrs_1/imports/Lab guides-20240303/DSDB_Master.xdc:130]
CRITICAL WARNING: [Common 17-55] 'set_property' expects at least one object. [C:/Users/18999/Desktop/Prime_Checker_mod_subtraction/Prime_Checker.srcs/constrs_1/imports/Lab guides-20240303/DSDB_Master.xdc:130]
Resolution: If [get_<value>] was used to populate the object, check to make sure this command returns at least one valid object.
WARNING: [Vivado 12-584] No ports matched 'tft_b[6]'. [C:/Users/18999/Desktop/Prime_Checker_mod_subtraction/Prime_Checker.srcs/constrs_1/imports/Lab guides-20240303/DSDB_Master.xdc:131]
CRITICAL WARNING: [Common 17-55] 'set_property' expects at least one object. [C:/Users/18999/Desktop/Prime_Checker_mod_subtraction/Prime_Checker.srcs/constrs_1/imports/Lab guides-20240303/DSDB_Master.xdc:131]
Resolution: If [get_<value>] was used to populate the object, check to make sure this command returns at least one valid object.
WARNING: [Vivado 12-584] No ports matched 'tft_b[7]'. [C:/Users/18999/Desktop/Prime_Checker_mod_subtraction/Prime_Checker.srcs/constrs_1/imports/Lab guides-20240303/DSDB_Master.xdc:132]
CRITICAL WARNING: [Common 17-55] 'set_property' expects at least one object. [C:/Users/18999/Desktop/Prime_Checker_mod_subtraction/Prime_Checker.srcs/constrs_1/imports/Lab guides-20240303/DSDB_Master.xdc:132]
Resolution: If [get_<value>] was used to populate the object, check to make sure this command returns at least one valid object.
WARNING: [Vivado 12-584] No ports matched 'tft_dclk'. [C:/Users/18999/Desktop/Prime_Checker_mod_subtraction/Prime_Checker.srcs/constrs_1/imports/Lab guides-20240303/DSDB_Master.xdc:133]
CRITICAL WARNING: [Common 17-55] 'set_property' expects at least one object. [C:/Users/18999/Desktop/Prime_Checker_mod_subtraction/Prime_Checker.srcs/constrs_1/imports/Lab guides-20240303/DSDB_Master.xdc:133]
Resolution: If [get_<value>] was used to populate the object, check to make sure this command returns at least one valid object.
WARNING: [Vivado 12-584] No ports matched 'tft_de'. [C:/Users/18999/Desktop/Prime_Checker_mod_subtraction/Prime_Checker.srcs/constrs_1/imports/Lab guides-20240303/DSDB_Master.xdc:134]
CRITICAL WARNING: [Common 17-55] 'set_property' expects at least one object. [C:/Users/18999/Desktop/Prime_Checker_mod_subtraction/Prime_Checker.srcs/constrs_1/imports/Lab guides-20240303/DSDB_Master.xdc:134]
Resolution: If [get_<value>] was used to populate the object, check to make sure this command returns at least one valid object.
WARNING: [Vivado 12-584] No ports matched 'tft_disp'. [C:/Users/18999/Desktop/Prime_Checker_mod_subtraction/Prime_Checker.srcs/constrs_1/imports/Lab guides-20240303/DSDB_Master.xdc:135]
CRITICAL WARNING: [Common 17-55] 'set_property' expects at least one object. [C:/Users/18999/Desktop/Prime_Checker_mod_subtraction/Prime_Checker.srcs/constrs_1/imports/Lab guides-20240303/DSDB_Master.xdc:135]
Resolution: If [get_<value>] was used to populate the object, check to make sure this command returns at least one valid object.
WARNING: [Vivado 12-584] No ports matched 'tft_g[0]'. [C:/Users/18999/Desktop/Prime_Checker_mod_subtraction/Prime_Checker.srcs/constrs_1/imports/Lab guides-20240303/DSDB_Master.xdc:136]
CRITICAL WARNING: [Common 17-55] 'set_property' expects at least one object. [C:/Users/18999/Desktop/Prime_Checker_mod_subtraction/Prime_Checker.srcs/constrs_1/imports/Lab guides-20240303/DSDB_Master.xdc:136]
Resolution: If [get_<value>] was used to populate the object, check to make sure this command returns at least one valid object.
WARNING: [Vivado 12-584] No ports matched 'tft_g[1]'. [C:/Users/18999/Desktop/Prime_Checker_mod_subtraction/Prime_Checker.srcs/constrs_1/imports/Lab guides-20240303/DSDB_Master.xdc:137]
CRITICAL WARNING: [Common 17-55] 'set_property' expects at least one object. [C:/Users/18999/Desktop/Prime_Checker_mod_subtraction/Prime_Checker.srcs/constrs_1/imports/Lab guides-20240303/DSDB_Master.xdc:137]
Resolution: If [get_<value>] was used to populate the object, check to make sure this command returns at least one valid object.
WARNING: [Vivado 12-584] No ports matched 'tft_g[2]'. [C:/Users/18999/Desktop/Prime_Checker_mod_subtraction/Prime_Checker.srcs/constrs_1/imports/Lab guides-20240303/DSDB_Master.xdc:138]
CRITICAL WARNING: [Common 17-55] 'set_property' expects at least one object. [C:/Users/18999/Desktop/Prime_Checker_mod_subtraction/Prime_Checker.srcs/constrs_1/imports/Lab guides-20240303/DSDB_Master.xdc:138]
Resolution: If [get_<value>] was used to populate the object, check to make sure this command returns at least one valid object.
WARNING: [Vivado 12-584] No ports matched 'tft_g[3]'. [C:/Users/18999/Desktop/Prime_Checker_mod_subtraction/Prime_Checker.srcs/constrs_1/imports/Lab guides-20240303/DSDB_Master.xdc:139]
CRITICAL WARNING: [Common 17-55] 'set_property' expects at least one object. [C:/Users/18999/Desktop/Prime_Checker_mod_subtraction/Prime_Checker.srcs/constrs_1/imports/Lab guides-20240303/DSDB_Master.xdc:139]
Resolution: If [get_<value>] was used to populate the object, check to make sure this command returns at least one valid object.
WARNING: [Vivado 12-584] No ports matched 'tft_g[4]'. [C:/Users/18999/Desktop/Prime_Checker_mod_subtraction/Prime_Checker.srcs/constrs_1/imports/Lab guides-20240303/DSDB_Master.xdc:140]
CRITICAL WARNING: [Common 17-55] 'set_property' expects at least one object. [C:/Users/18999/Desktop/Prime_Checker_mod_subtraction/Prime_Checker.srcs/constrs_1/imports/Lab guides-20240303/DSDB_Master.xdc:140]
Resolution: If [get_<value>] was used to populate the object, check to make sure this command returns at least one valid object.
WARNING: [Vivado 12-584] No ports matched 'tft_g[5]'. [C:/Users/18999/Desktop/Prime_Checker_mod_subtraction/Prime_Checker.srcs/constrs_1/imports/Lab guides-20240303/DSDB_Master.xdc:141]
CRITICAL WARNING: [Common 17-55] 'set_property' expects at least one object. [C:/Users/18999/Desktop/Prime_Checker_mod_subtraction/Prime_Checker.srcs/constrs_1/imports/Lab guides-20240303/DSDB_Master.xdc:141]
Resolution: If [get_<value>] was used to populate the object, check to make sure this command returns at least one valid object.
WARNING: [Vivado 12-584] No ports matched 'tft_g[6]'. [C:/Users/18999/Desktop/Prime_Checker_mod_subtraction/Prime_Checker.srcs/constrs_1/imports/Lab guides-20240303/DSDB_Master.xdc:142]
CRITICAL WARNING: [Common 17-55] 'set_property' expects at least one object. [C:/Users/18999/Desktop/Prime_Checker_mod_subtraction/Prime_Checker.srcs/constrs_1/imports/Lab guides-20240303/DSDB_Master.xdc:142]
Resolution: If [get_<value>] was used to populate the object, check to make sure this command returns at least one valid object.
WARNING: [Vivado 12-584] No ports matched 'tft_g[7]'. [C:/Users/18999/Desktop/Prime_Checker_mod_subtraction/Prime_Checker.srcs/constrs_1/imports/Lab guides-20240303/DSDB_Master.xdc:143]
CRITICAL WARNING: [Common 17-55] 'set_property' expects at least one object. [C:/Users/18999/Desktop/Prime_Checker_mod_subtraction/Prime_Checker.srcs/constrs_1/imports/Lab guides-20240303/DSDB_Master.xdc:143]
Resolution: If [get_<value>] was used to populate the object, check to make sure this command returns at least one valid object.
WARNING: [Vivado 12-584] No ports matched 'tft_hs'. [C:/Users/18999/Desktop/Prime_Checker_mod_subtraction/Prime_Checker.srcs/constrs_1/imports/Lab guides-20240303/DSDB_Master.xdc:144]
CRITICAL WARNING: [Common 17-55] 'set_property' expects at least one object. [C:/Users/18999/Desktop/Prime_Checker_mod_subtraction/Prime_Checker.srcs/constrs_1/imports/Lab guides-20240303/DSDB_Master.xdc:144]
Resolution: If [get_<value>] was used to populate the object, check to make sure this command returns at least one valid object.
WARNING: [Vivado 12-584] No ports matched 'tft_r[0]'. [C:/Users/18999/Desktop/Prime_Checker_mod_subtraction/Prime_Checker.srcs/constrs_1/imports/Lab guides-20240303/DSDB_Master.xdc:145]
CRITICAL WARNING: [Common 17-55] 'set_property' expects at least one object. [C:/Users/18999/Desktop/Prime_Checker_mod_subtraction/Prime_Checker.srcs/constrs_1/imports/Lab guides-20240303/DSDB_Master.xdc:145]
Resolution: If [get_<value>] was used to populate the object, check to make sure this command returns at least one valid object.
WARNING: [Vivado 12-584] No ports matched 'tft_r[1]'. [C:/Users/18999/Desktop/Prime_Checker_mod_subtraction/Prime_Checker.srcs/constrs_1/imports/Lab guides-20240303/DSDB_Master.xdc:146]
CRITICAL WARNING: [Common 17-55] 'set_property' expects at least one object. [C:/Users/18999/Desktop/Prime_Checker_mod_subtraction/Prime_Checker.srcs/constrs_1/imports/Lab guides-20240303/DSDB_Master.xdc:146]
Resolution: If [get_<value>] was used to populate the object, check to make sure this command returns at least one valid object.
WARNING: [Vivado 12-584] No ports matched 'tft_r[2]'. [C:/Users/18999/Desktop/Prime_Checker_mod_subtraction/Prime_Checker.srcs/constrs_1/imports/Lab guides-20240303/DSDB_Master.xdc:147]
CRITICAL WARNING: [Common 17-55] 'set_property' expects at least one object. [C:/Users/18999/Desktop/Prime_Checker_mod_subtraction/Prime_Checker.srcs/constrs_1/imports/Lab guides-20240303/DSDB_Master.xdc:147]
Resolution: If [get_<value>] was used to populate the object, check to make sure this command returns at least one valid object.
WARNING: [Vivado 12-584] No ports matched 'tft_r[3]'. [C:/Users/18999/Desktop/Prime_Checker_mod_subtraction/Prime_Checker.srcs/constrs_1/imports/Lab guides-20240303/DSDB_Master.xdc:148]
CRITICAL WARNING: [Common 17-55] 'set_property' expects at least one object. [C:/Users/18999/Desktop/Prime_Checker_mod_subtraction/Prime_Checker.srcs/constrs_1/imports/Lab guides-20240303/DSDB_Master.xdc:148]
Resolution: If [get_<value>] was used to populate the object, check to make sure this command returns at least one valid object.
WARNING: [Vivado 12-584] No ports matched 'tft_r[4]'. [C:/Users/18999/Desktop/Prime_Checker_mod_subtraction/Prime_Checker.srcs/constrs_1/imports/Lab guides-20240303/DSDB_Master.xdc:149]
CRITICAL WARNING: [Common 17-55] 'set_property' expects at least one object. [C:/Users/18999/Desktop/Prime_Checker_mod_subtraction/Prime_Checker.srcs/constrs_1/imports/Lab guides-20240303/DSDB_Master.xdc:149]
Resolution: If [get_<value>] was used to populate the object, check to make sure this command returns at least one valid object.
WARNING: [Vivado 12-584] No ports matched 'tft_r[5]'. [C:/Users/18999/Desktop/Prime_Checker_mod_subtraction/Prime_Checker.srcs/constrs_1/imports/Lab guides-20240303/DSDB_Master.xdc:150]
CRITICAL WARNING: [Common 17-55] 'set_property' expects at least one object. [C:/Users/18999/Desktop/Prime_Checker_mod_subtraction/Prime_Checker.srcs/constrs_1/imports/Lab guides-20240303/DSDB_Master.xdc:150]
Resolution: If [get_<value>] was used to populate the object, check to make sure this command returns at least one valid object.
WARNING: [Vivado 12-584] No ports matched 'tft_r[6]'. [C:/Users/18999/Desktop/Prime_Checker_mod_subtraction/Prime_Checker.srcs/constrs_1/imports/Lab guides-20240303/DSDB_Master.xdc:151]
CRITICAL WARNING: [Common 17-55] 'set_property' expects at least one object. [C:/Users/18999/Desktop/Prime_Checker_mod_subtraction/Prime_Checker.srcs/constrs_1/imports/Lab guides-20240303/DSDB_Master.xdc:151]
Resolution: If [get_<value>] was used to populate the object, check to make sure this command returns at least one valid object.
WARNING: [Vivado 12-584] No ports matched 'tft_r[7]'. [C:/Users/18999/Desktop/Prime_Checker_mod_subtraction/Prime_Checker.srcs/constrs_1/imports/Lab guides-20240303/DSDB_Master.xdc:152]
CRITICAL WARNING: [Common 17-55] 'set_property' expects at least one object. [C:/Users/18999/Desktop/Prime_Checker_mod_subtraction/Prime_Checker.srcs/constrs_1/imports/Lab guides-20240303/DSDB_Master.xdc:152]
Resolution: If [get_<value>] was used to populate the object, check to make sure this command returns at least one valid object.
WARNING: [Vivado 12-584] No ports matched 'tft_vs'. [C:/Users/18999/Desktop/Prime_Checker_mod_subtraction/Prime_Checker.srcs/constrs_1/imports/Lab guides-20240303/DSDB_Master.xdc:153]
CRITICAL WARNING: [Common 17-55] 'set_property' expects at least one object. [C:/Users/18999/Desktop/Prime_Checker_mod_subtraction/Prime_Checker.srcs/constrs_1/imports/Lab guides-20240303/DSDB_Master.xdc:153]
Resolution: If [get_<value>] was used to populate the object, check to make sure this command returns at least one valid object.
WARNING: [Vivado 12-584] No ports matched 'tp_irq'. [C:/Users/18999/Desktop/Prime_Checker_mod_subtraction/Prime_Checker.srcs/constrs_1/imports/Lab guides-20240303/DSDB_Master.xdc:154]
CRITICAL WARNING: [Common 17-55] 'set_property' expects at least one object. [C:/Users/18999/Desktop/Prime_Checker_mod_subtraction/Prime_Checker.srcs/constrs_1/imports/Lab guides-20240303/DSDB_Master.xdc:154]
Resolution: If [get_<value>] was used to populate the object, check to make sure this command returns at least one valid object.
WARNING: [Vivado 12-584] No ports matched 'tp_res'. [C:/Users/18999/Desktop/Prime_Checker_mod_subtraction/Prime_Checker.srcs/constrs_1/imports/Lab guides-20240303/DSDB_Master.xdc:155]
INFO: [Common 17-14] Message 'Vivado 12-584' appears 100 times and further instances of the messages will be disabled. Use the Tcl command set_msg_config to change the current settings. [C:/Users/18999/Desktop/Prime_Checker_mod_subtraction/Prime_Checker.srcs/constrs_1/imports/Lab guides-20240303/DSDB_Master.xdc:155]
CRITICAL WARNING: [Common 17-55] 'set_property' expects at least one object. [C:/Users/18999/Desktop/Prime_Checker_mod_subtraction/Prime_Checker.srcs/constrs_1/imports/Lab guides-20240303/DSDB_Master.xdc:155]
Resolution: If [get_<value>] was used to populate the object, check to make sure this command returns at least one valid object.
INFO: [Common 17-14] Message 'Common 17-55' appears 100 times and further instances of the messages will be disabled. Use the Tcl command set_msg_config to change the current settings. [C:/Users/18999/Desktop/Prime_Checker_mod_subtraction/Prime_Checker.srcs/constrs_1/imports/Lab guides-20240303/DSDB_Master.xdc:155]
CRITICAL WARNING: [Vivado 12-1411] Cannot set LOC property of ports, Instance user_guess_IBUF_inst can not be placed in INBUF_EN of site IOB_X0Y47 because the bel is occupied by reset_IBUF_inst. This could be caused by bel constraint conflict [C:/Users/18999/Desktop/Prime_Checker_mod_subtraction/Prime_Checker.srcs/constrs_1/imports/Lab guides-20240303/DSDB_Master.xdc:306]
CRITICAL WARNING: [Vivado 12-1411] Cannot set LOC property of ports, Instance reset_IBUF_inst can not be placed in INBUF_EN of site IOB_X0Y43 because the bel is occupied by user_guess_IBUF_inst. This could be caused by bel constraint conflict [C:/Users/18999/Desktop/Prime_Checker_mod_subtraction/Prime_Checker.srcs/constrs_1/imports/Lab guides-20240303/DSDB_Master.xdc:307]
Finished Parsing XDC File [C:/Users/18999/Desktop/Prime_Checker_mod_subtraction/Prime_Checker.srcs/constrs_1/imports/Lab guides-20240303/DSDB_Master.xdc]
INFO: [Opt 31-138] Pushed 0 inverter(s) to 0 load pin(s).
INFO: [Project 1-111] Unisim Transformation Summary:
No Unisim elements were transformed.

open_run: Time (s): cpu = 00:00:14 ; elapsed = 00:00:08 . Memory (MB): peak = 1177.254 ; gain = 360.199
report_utilization -name utilization_1
report_utilization: Time (s): cpu = 00:00:02 ; elapsed = 00:00:00.601 . Memory (MB): peak = 1181.008 ; gain = 0.000
close_sim
INFO: [Simtcl 6-16] Simulation closed
exit
INFO: [Common 17-206] Exiting Vivado at Fri Mar 22 06:12:51 2024...
